[28-Aug-2022 19:15:31 UTC] Sync process for Gutenberg Blocks has started.
[28-Aug-2022 19:15:31 UTC] CATEGORY:Importing categories..
[28-Aug-2022 19:15:31 UTC] CATEGORY:Storing in option ast-block-templates-categories
[28-Aug-2022 19:15:32 UTC] CATEGORY:Completed category import.
[28-Aug-2022 19:15:32 UTC] BLOCK: Getting Total Blocks
[28-Aug-2022 19:15:32 UTC] BLOCK: https://websitedemos.net/wp-json/astra-blocks/v1/get-blocks-count/?page_builder=gutenberg&wireframe=yes
[28-Aug-2022 19:15:32 UTC] BLOCK: Requests count 4
[28-Aug-2022 19:15:32 UTC] BLOCK: Importing request 1 ..
[28-Aug-2022 19:15:32 UTC] BLOCK: https://websitedemos.net/wp-json/astra-blocks/v1/blocks/?page_builder=gutenberg&per_page=100&page=1&wireframe=yes
[28-Aug-2022 19:15:32 UTC] BLOCK: Storing in option ast-block-templates-blocks-1
[28-Aug-2022 19:15:32 UTC] BLOCK: Completed request 1
[28-Aug-2022 19:15:32 UTC] BLOCK: Importing request 2 ..
[28-Aug-2022 19:15:32 UTC] BLOCK: https://websitedemos.net/wp-json/astra-blocks/v1/blocks/?page_builder=gutenberg&per_page=100&page=2&wireframe=yes
[28-Aug-2022 19:15:34 UTC] BLOCK: Storing in option ast-block-templates-blocks-2
[28-Aug-2022 19:15:34 UTC] BLOCK: Completed request 2
[28-Aug-2022 19:15:34 UTC] BLOCK: Importing request 3 ..
[28-Aug-2022 19:15:34 UTC] BLOCK: https://websitedemos.net/wp-json/astra-blocks/v1/blocks/?page_builder=gutenberg&per_page=100&page=3&wireframe=yes
[28-Aug-2022 19:15:38 UTC] BLOCK: Storing in option ast-block-templates-blocks-3
[28-Aug-2022 19:15:38 UTC] BLOCK: Completed request 3
[28-Aug-2022 19:15:38 UTC] BLOCK: Importing request 4 ..
[28-Aug-2022 19:15:38 UTC] BLOCK: https://websitedemos.net/wp-json/astra-blocks/v1/blocks/?page_builder=gutenberg&per_page=100&page=4&wireframe=yes
[28-Aug-2022 19:15:38 UTC] BLOCK: Storing in option ast-block-templates-blocks-4
[28-Aug-2022 19:15:38 UTC] BLOCK: Completed request 4
[28-Aug-2022 19:15:38 UTC] SITE: Getting Total Sites
[28-Aug-2022 19:15:38 UTC] SITE: https://websitedemos.net/wp-json/astra-sites/v1/get-total-pages/?page_builder=gutenberg
[28-Aug-2022 19:15:39 UTC] SITE: Request count 2
[28-Aug-2022 19:15:39 UTC] SITE: Importing request 1 ..
[28-Aug-2022 19:15:39 UTC] SITE: https://websitedemos.net/wp-json/astra-sites/v1/sites-and-pages/?per_page=100&page=1&page-builder=gutenberg
[28-Aug-2022 19:15:39 UTC] SITE: Storing in option ast-block-templates-sites-1
[28-Aug-2022 19:15:39 UTC] SITE: Completed request 1
[28-Aug-2022 19:15:39 UTC] SITE: Importing request 2 ..
[28-Aug-2022 19:15:39 UTC] SITE: https://websitedemos.net/wp-json/astra-sites/v1/sites-and-pages/?per_page=100&page=2&page-builder=gutenberg
[28-Aug-2022 19:15:39 UTC] SITE: Storing in option ast-block-templates-sites-2
[28-Aug-2022 19:15:39 UTC] SITE: Completed request 2
[28-Aug-2022 19:15:39 UTC] Sync process for Gutenberg Blocks is done.
